Info: Importing module main
Info: Rule checker, verifying imported design
Info: Checksum: 0x5f3a400e

Warning: unmatched constraint 'HSYNC' (on line 10)
Warning: unmatched constraint 'P2' (on line 11)
Warning: unmatched constraint 'DTR' (on line 12)
Warning: unmatched constraint 'CTS' (on line 13)
Warning: unmatched constraint 'RTS' (on line 15)
Info: constrained 'TXD0' to bel 'X0/Y27/io0'
Info: constrained 'RXD0' to bel 'X0/Y25/io1'
Warning: unmatched constraint 'GREEN3' (on line 19)
Warning: unmatched constraint 'GREEN4' (on line 20)
Warning: unmatched constraint 'GREEN1' (on line 21)
Warning: unmatched constraint 'GREEN0' (on line 22)
Warning: unmatched constraint 'BLUE3' (on line 23)
Warning: unmatched constraint 'BLUE2' (on line 24)
Warning: unmatched constraint 'BLUE1' (on line 25)
Warning: unmatched constraint 'BLUE0' (on line 26)
Info: constrained 'GPOUT4' to bel 'X0/Y17/io0'
Info: constrained 'CLKIN' to bel 'X0/Y16/io1'
Info: constrained 'GPOUT5' to bel 'X0/Y16/io0'
Warning: unmatched constraint 'P23' (on line 31)
Info: constrained 'GPOUT6' to bel 'X0/Y12/io0'
Info: constrained 'GPOUT7' to bel 'X0/Y11/io1'
Warning: unmatched constraint 'ADC_CS' (on line 34)
Warning: unmatched constraint 'SDA' (on line 36)
Warning: unmatched constraint 'SCL' (on line 37)
Warning: unmatched constraint 'BME680_CS' (on line 39)
Warning: unmatched constraint 'P32' (on line 40)
Warning: unmatched constraint 'P33' (on line 41)
Warning: unmatched constraint 'P34' (on line 42)
Warning: unmatched constraint 'ICE_SCK' (on line 46)
Warning: unmatched constraint 'ICE_MISO' (on line 47)
Warning: unmatched constraint 'ICE_MOSI' (on line 48)
Warning: unmatched constraint 'P41' (on line 50)
Warning: unmatched constraint 'P42' (on line 51)
Warning: unmatched constraint 'P43' (on line 52)
Warning: unmatched constraint 'P44' (on line 53)
Warning: unmatched constraint 'P45' (on line 54)
Warning: unmatched constraint 'P47' (on line 56)
Warning: unmatched constraint 'P48' (on line 57)
Info: constrained 'RXD1' to bel 'X16/Y0/io1'
Info: constrained 'TXD1' to bel 'X17/Y0/io0'
Warning: unmatched constraint 'P55' (on line 61)
Warning: unmatched constraint 'P56' (on line 62)
Warning: unmatched constraint 'P60' (on line 64)
Warning: unmatched constraint 'P61' (on line 65)
Warning: unmatched constraint 'P62' (on line 66)
Warning: unmatched constraint 'MB1' (on line 67)
Warning: unmatched constraint 'MB0' (on line 68)
Info: constrained 'MOSI' to bel 'X30/Y0/io0'
Info: constrained 'MISO' to bel 'X30/Y0/io1'
Info: constrained 'SCK' to bel 'X31/Y0/io0'
Info: constrained 'FSS' to bel 'X31/Y0/io1'
Warning: unmatched constraint 'P73' (on line 84)
Warning: unmatched constraint 'P74' (on line 85)
Warning: unmatched constraint 'P75' (on line 86)
Warning: unmatched constraint 'P76' (on line 87)
Warning: unmatched constraint 'P78' (on line 89)
Warning: unmatched constraint 'P79' (on line 90)
Warning: unmatched constraint 'P80' (on line 92)
Warning: unmatched constraint 'P81' (on line 93)
Warning: unmatched constraint 'P82' (on line 94)
Warning: unmatched constraint 'P83' (on line 95)
Warning: unmatched constraint 'P84' (on line 96)
Warning: unmatched constraint 'P85' (on line 97)
Warning: unmatched constraint 'P87' (on line 99)
Warning: unmatched constraint 'P88' (on line 100)
Warning: unmatched constraint 'P90' (on line 102)
Warning: unmatched constraint 'P91' (on line 103)
Warning: unmatched constraint 'P93' (on line 105)
Warning: unmatched constraint 'P94' (on line 106)
Warning: unmatched constraint 'P95' (on line 107)
Warning: unmatched constraint 'P96' (on line 108)
Warning: unmatched constraint 'P97' (on line 109)
Warning: unmatched constraint 'P98' (on line 110)
Warning: unmatched constraint 'P99' (on line 111)
Warning: unmatched constraint 'P101' (on line 113)
Warning: unmatched constraint 'P102' (on line 114)
Warning: unmatched constraint 'P104' (on line 116)
Warning: unmatched constraint 'P105' (on line 117)
Warning: unmatched constraint 'P106' (on line 118)
Warning: unmatched constraint 'P107' (on line 119)
Warning: unmatched constraint 'P110' (on line 123)
Warning: unmatched constraint 'P112' (on line 125)
Warning: unmatched constraint 'P113' (on line 126)
Warning: unmatched constraint 'P114' (on line 127)
Warning: unmatched constraint 'P115' (on line 128)
Warning: unmatched constraint 'P116' (on line 129)
Warning: unmatched constraint 'P117' (on line 130)
Warning: unmatched constraint 'P118' (on line 131)
Warning: unmatched constraint 'P119' (on line 132)
Warning: unmatched constraint 'P120' (on line 134)
Info: constrained 'RXD2' to bel 'X25/Y33/io0'
Warning: unmatched constraint 'P122' (on line 136)
Info: constrained 'TXD2' to bel 'X20/Y33/io0'
Warning: unmatched constraint 'P125' (on line 139)
Warning: unmatched constraint 'P128' (on line 141)
Warning: unmatched constraint 'P129' (on line 142)
Warning: unmatched constraint 'P130' (on line 144)
Warning: unmatched constraint 'P134' (on line 145)
Warning: unmatched constraint 'VSYNC' (on line 146)
Info: constrained 'GPOUT0' to bel 'X7/Y33/io1'
Info: constrained 'GPOUT1' to bel 'X7/Y33/io0'
Info: constrained 'GPOUT2' to bel 'X6/Y33/io1'
Info: constrained 'GPOUT3' to bel 'X6/Y33/io0'
Warning: unmatched constraint 'RED3' (on line 152)
Warning: unmatched constraint 'RED2' (on line 153)
Warning: unmatched constraint 'RED1' (on line 154)
Warning: unmatched constraint 'RED0' (on line 155)
ERROR: IO 'SS0' is unconstrained in PCF (override this error with --pcf-allow-unconstrained)
ERROR: Loading PCF failed.
88 warnings, 2 errors
